09:39:18,101 |-INFO in ch.qos.logback.classic.LoggerContext[default] - Could NOT find resource [logback.groovy]
09:39:18,101 |-INFO in ch.qos.logback.classic.LoggerContext[default] - Could NOT find resource [logback-test.xml]
09:39:18,102 |-INFO in ch.qos.logback.classic.LoggerContext[default] - Found resource [logback.xml] at [jar:file:/Users/Minbo/Documents/IT/java/code/sys-webapi/yfax-parent/yfax-spider-monitor/target/yfax-spider-monitor.jar!/BOOT-INF/classes!/logback.xml]
09:39:18,127 |-INFO in ch.qos.logback.core.joran.spi.ConfigurationWatchList@27973e9b - URL [jar:file:/Users/Minbo/Documents/IT/java/code/sys-webapi/yfax-parent/yfax-spider-monitor/target/yfax-spider-monitor.jar!/BOOT-INF/classes!/logback.xml] is not of type file
09:39:18,184 |-INFO in ch.qos.logback.classic.joran.action.ConfigurationAction - debug attribute not set
09:39:18,185 |-INFO in ch.qos.logback.core.joran.action.AppenderAction - About to instantiate appender of type [ch.qos.logback.core.ConsoleAppender]
09:39:18,194 |-INFO in ch.qos.logback.core.joran.action.AppenderAction - Naming appender as [STDOUT]
09:39:18,200 |-INFO in ch.qos.logback.core.joran.action.NestedComplexPropertyIA - Assuming default type [ch.qos.logback.classic.encoder.PatternLayoutEncoder] for [encoder] property
09:39:18,240 |-INFO in ch.qos.logback.core.joran.action.AppenderAction - About to instantiate appender of type [ch.qos.logback.core.rolling.RollingFileAppender]
09:39:18,244 |-INFO in ch.qos.logback.core.joran.action.AppenderAction - Naming appender as [baselog]
09:39:18,263 |-INFO in c.q.l.core.rolling.TimeBasedRollingPolicy@824909230 - No compression will be used
09:39:18,264 |-INFO in c.q.l.core.rolling.TimeBasedRollingPolicy@824909230 - Will use the pattern log/spider-monitor-base.log.%d.%i for the active file
09:39:18,267 |-INFO in ch.qos.logback.core.rolling.SizeAndTimeBasedFNATP@7530d0a - The date pattern is 'yyyy-MM-dd' from file name pattern 'log/spider-monitor-base.log.%d.%i'.
09:39:18,267 |-INFO in ch.qos.logback.core.rolling.SizeAndTimeBasedFNATP@7530d0a - Roll-over at midnight.
09:39:18,270 |-INFO in ch.qos.logback.core.rolling.SizeAndTimeBasedFNATP@7530d0a - Setting initial period to Thu Oct 19 09:39:18 CST 2017
09:39:18,270 |-WARN in ch.qos.logback.core.rolling.SizeAndTimeBasedFNATP@7530d0a - SizeAndTimeBasedFNATP is deprecated. Use SizeAndTimeBasedRollingPolicy instead
09:39:18,270 |-WARN in ch.qos.logback.core.rolling.SizeAndTimeBasedFNATP@7530d0a - For more information see http://logback.qos.ch/manual/appenders.html#SizeAndTimeBasedRollingPolicy
09:39:18,272 |-INFO in ch.qos.logback.core.joran.action.NestedComplexPropertyIA - Assuming default type [ch.qos.logback.classic.encoder.PatternLayoutEncoder] for [encoder] property
09:39:18,274 |-INFO in ch.qos.logback.core.rolling.RollingFileAppender[baselog] - Active log file name: log/spider-monitor-base.log
09:39:18,274 |-INFO in ch.qos.logback.core.rolling.RollingFileAppender[baselog] - File property is set to [log/spider-monitor-base.log]
09:39:18,275 |-INFO in ch.qos.logback.classic.joran.action.RootLoggerAction - Setting level of ROOT logger to INFO
09:39:18,275 |-INFO in ch.qos.logback.core.joran.action.AppenderRefAction - Attaching appender named [STDOUT] to Logger[ROOT]
09:39:18,276 |-INFO in ch.qos.logback.classic.joran.action.LoggerAction - Setting level of logger [com.yfax] to INFO
09:39:18,276 |-INFO in ch.qos.logback.core.joran.action.AppenderRefAction - Attaching appender named [baselog] to Logger[com.yfax]
09:39:18,276 |-INFO in ch.qos.logback.classic.joran.action.ConfigurationAction - End of configuration.
09:39:18,277 |-INFO in ch.qos.logback.classic.joran.JoranConfigurator@27bc2616 - Registering current configuration as safe fallback point


  .   ____          _            __ _ _
 /\\ / ___'_ __ _ _(_)_ __  __ _ \ \ \ \
( ( )\___ | '_ | '_| | '_ \/ _` | \ \ \ \
 \\/  ___)| |_)| | | | | || (_| |  ) ) ) )
  '  |____| .__|_| |_|_| |_\__, | / / / /
 =========|_|==============|___/=/_/_/_/
 :: Spring Boot ::        (v1.5.2.RELEASE)

2017-10-19 09:39:29,201 [background-preinit] [org.hibernate.validator.internal.util.Version] [INFO] (Version.java:30)- HV000001: Hibernate Validator 5.3.4.Final
2017-10-19 09:39:33,884 [main] [com.yfax.spider.Application] [INFO] (StartupInfoLogger.java:48)- Starting Application v0.0.1-SNAPSHOT on MInboHes-MacBook-Pro.local with PID 6690 (/Users/Minbo/Documents/IT/java/code/sys-webapi/yfax-parent/yfax-spider-monitor/target/yfax-spider-monitor.jar started by Minbo in /Users/Minbo/Documents/IT/java/code/sys-webapi/yfax-parent/yfax-spider-monitor)
2017-10-19 09:39:33,885 [main] [com.yfax.spider.Application] [INFO] (SpringApplication.java:641)- The following profiles are active: test
2017-10-19 09:39:33,926 [main] [org.springframework.boot.context.embedded.AnnotationConfigEmbeddedWebApplicationContext] [INFO] (AbstractApplicationContext.java:582)- Refreshing org.springframework.boot.context.embedded.AnnotationConfigEmbeddedWebApplicationContext@65e579dc: startup date [Thu Oct 19 09:39:33 CST 2017]; root of context hierarchy
2017-10-19 09:39:34,566 [main] [org.mybatis.spring.mapper.ClassPathMapperScanner] [WARN] (ClassPathMapperScanner.java:167)- No MyBatis mapper was found in '[com.yfax.spider]' package. Please check your configuration.
2017-10-19 09:39:35,105 [main] [org.springframework.context.support.PostProcessorRegistrationDelegate$BeanPostProcessorChecker] [INFO] (PostProcessorRegistrationDelegate.java:325)- Bean 'org.springframework.transaction.annotation.ProxyTransactionManagementConfiguration' of type [org.springframework.transaction.annotation.ProxyTransactionManagementConfiguration$$EnhancerBySpringCGLIB$$8b6b40b7] is not eligible for getting processed by all BeanPostProcessors (for example: not eligible for auto-proxying)
2017-10-19 09:39:35,408 [main] [org.springframework.boot.context.embedded.tomcat.TomcatEmbeddedServletContainer] [INFO] (TomcatEmbeddedServletContainer.java:89)- Tomcat initialized with port(s): 8989 (http)
2017-10-19 09:39:35,420 [main] [org.apache.catalina.core.StandardService] [INFO] (DirectJDKLog.java:179)- Starting service Tomcat
2017-10-19 09:39:35,421 [main] [org.apache.catalina.core.StandardEngine] [INFO] (DirectJDKLog.java:179)- Starting Servlet Engine: Apache Tomcat/8.5.11
2017-10-19 09:39:35,499 [localhost-startStop-1] [org.apache.catalina.core.ContainerBase.[Tomcat].[localhost].[/]] [INFO] (DirectJDKLog.java:179)- Initializing Spring embedded WebApplicationContext
2017-10-19 09:39:35,499 [localhost-startStop-1] [org.springframework.web.context.ContextLoader] [INFO] (EmbeddedWebApplicationContext.java:276)- Root WebApplicationContext: initialization completed in 1573 ms
2017-10-19 09:39:35,716 [localhost-startStop-1] [org.springframework.boot.web.servlet.ServletRegistrationBean] [INFO] (ServletRegistrationBean.java:190)- Mapping servlet: 'dispatcherServlet' to [/]
2017-10-19 09:39:35,720 [localhost-startStop-1] [org.springframework.boot.web.servlet.FilterRegistrationBean] [INFO] (AbstractFilterRegistrationBean.java:258)- Mapping filter: 'metricsFilter' to: [/*]
2017-10-19 09:39:35,720 [localhost-startStop-1] [org.springframework.boot.web.servlet.FilterRegistrationBean] [INFO] (AbstractFilterRegistrationBean.java:258)- Mapping filter: 'characterEncodingFilter' to: [/*]
2017-10-19 09:39:35,720 [localhost-startStop-1] [org.springframework.boot.web.servlet.FilterRegistrationBean] [INFO] (AbstractFilterRegistrationBean.java:258)- Mapping filter: 'hiddenHttpMethodFilter' to: [/*]
2017-10-19 09:39:35,720 [localhost-startStop-1] [org.springframework.boot.web.servlet.FilterRegistrationBean] [INFO] (AbstractFilterRegistrationBean.java:258)- Mapping filter: 'httpPutFormContentFilter' to: [/*]
2017-10-19 09:39:35,720 [localhost-startStop-1] [org.springframework.boot.web.servlet.FilterRegistrationBean] [INFO] (AbstractFilterRegistrationBean.java:258)- Mapping filter: 'requestContextFilter' to: [/*]
2017-10-19 09:39:35,720 [localhost-startStop-1] [org.springframework.boot.web.servlet.FilterRegistrationBean] [INFO] (AbstractFilterRegistrationBean.java:258)- Mapping filter: 'webRequestLoggingFilter' to: [/*]
2017-10-19 09:39:35,721 [localhost-startStop-1] [org.springframework.boot.web.servlet.FilterRegistrationBean] [INFO] (AbstractFilterRegistrationBean.java:258)- Mapping filter: 'applicationContextIdFilter' to: [/*]
2017-10-19 09:39:36,447 [main] [org.springframework.web.servlet.mvc.method.annotation.RequestMappingHandlerAdapter] [INFO] (RequestMappingHandlerAdapter.java:534)- Looking for @ControllerAdvice: org.springframework.boot.context.embedded.AnnotationConfigEmbeddedWebApplicationContext@65e579dc: startup date [Thu Oct 19 09:39:33 CST 2017]; root of context hierarchy
2017-10-19 09:39:36,517 [main] [org.springframework.web.servlet.mvc.method.annotation.RequestMappingHandlerMapping] [INFO] (AbstractHandlerMethodMapping.java:543)- Mapped "{[/error]}" onto public org.springframework.http.ResponseEntity<java.util.Map<java.lang.String, java.lang.Object>> org.springframework.boot.autoconfigure.web.BasicErrorController.error(javax.servlet.http.HttpServletRequest)
2017-10-19 09:39:36,518 [main] [org.springframework.web.servlet.mvc.method.annotation.RequestMappingHandlerMapping] [INFO] (AbstractHandlerMethodMapping.java:543)- Mapped "{[/error],produces=[text/html]}" onto public org.springframework.web.servlet.ModelAndView org.springframework.boot.autoconfigure.web.BasicErrorController.errorHtml(javax.servlet.http.HttpServletRequest,javax.servlet.http.HttpServletResponse)
2017-10-19 09:39:36,552 [main] [org.springframework.web.servlet.handler.SimpleUrlHandlerMapping] [INFO] (AbstractUrlHandlerMapping.java:362)- Mapped URL path [/webjars/**] onto handler of type [class org.springframework.web.servlet.resource.ResourceHttpRequestHandler]
2017-10-19 09:39:36,552 [main] [org.springframework.web.servlet.handler.SimpleUrlHandlerMapping] [INFO] (AbstractUrlHandlerMapping.java:362)- Mapped URL path [/**] onto handler of type [class org.springframework.web.servlet.resource.ResourceHttpRequestHandler]
2017-10-19 09:39:36,702 [main] [org.springframework.web.servlet.handler.SimpleUrlHandlerMapping] [INFO] (AbstractUrlHandlerMapping.java:362)- Mapped URL path [/**/favicon.ico] onto handler of type [class org.springframework.web.servlet.resource.ResourceHttpRequestHandler]
2017-10-19 09:39:37,016 [main] [org.springframework.boot.actuate.endpoint.mvc.EndpointHandlerMapping] [INFO] (AbstractHandlerMethodMapping.java:543)- Mapped "{[/health || /health.json],methods=[GET],produces=[application/vnd.spring-boot.actuator.v1+json || application/json]}" onto public java.lang.Object org.springframework.boot.actuate.endpoint.mvc.HealthMvcEndpoint.invoke(javax.servlet.http.HttpServletRequest,java.security.Principal)
2017-10-19 09:39:37,017 [main] [org.springframework.boot.actuate.endpoint.mvc.EndpointHandlerMapping] [INFO] (AbstractHandlerMethodMapping.java:543)- Mapped "{[/metrics/{name:.*}],methods=[GET],produces=[application/vnd.spring-boot.actuator.v1+json || application/json]}" onto public java.lang.Object org.springframework.boot.actuate.endpoint.mvc.MetricsMvcEndpoint.value(java.lang.String)
2017-10-19 09:39:37,017 [main] [org.springframework.boot.actuate.endpoint.mvc.EndpointHandlerMapping] [INFO] (AbstractHandlerMethodMapping.java:543)- Mapped "{[/metrics || /metrics.json],methods=[GET],produces=[application/vnd.spring-boot.actuator.v1+json || application/json]}" onto public java.lang.Object org.springframework.boot.actuate.endpoint.mvc.EndpointMvcAdapter.invoke()
2017-10-19 09:39:37,018 [main] [org.springframework.boot.actuate.endpoint.mvc.EndpointHandlerMapping] [INFO] (AbstractHandlerMethodMapping.java:543)- Mapped "{[/trace || /trace.json],methods=[GET],produces=[application/vnd.spring-boot.actuator.v1+json || application/json]}" onto public java.lang.Object org.springframework.boot.actuate.endpoint.mvc.EndpointMvcAdapter.invoke()
2017-10-19 09:39:37,019 [main] [org.springframework.boot.actuate.endpoint.mvc.EndpointHandlerMapping] [INFO] (AbstractHandlerMethodMapping.java:543)- Mapped "{[/env/{name:.*}],methods=[GET],produces=[application/vnd.spring-boot.actuator.v1+json || application/json]}" onto public java.lang.Object org.springframework.boot.actuate.endpoint.mvc.EnvironmentMvcEndpoint.value(java.lang.String)
2017-10-19 09:39:37,019 [main] [org.springframework.boot.actuate.endpoint.mvc.EndpointHandlerMapping] [INFO] (AbstractHandlerMethodMapping.java:543)- Mapped "{[/env || /env.json],methods=[GET],produces=[application/vnd.spring-boot.actuator.v1+json || application/json]}" onto public java.lang.Object org.springframework.boot.actuate.endpoint.mvc.EndpointMvcAdapter.invoke()
2017-10-19 09:39:37,020 [main] [org.springframework.boot.actuate.endpoint.mvc.EndpointHandlerMapping] [INFO] (AbstractHandlerMethodMapping.java:543)- Mapped "{[/configprops || /configprops.json],methods=[GET],produces=[application/vnd.spring-boot.actuator.v1+json || application/json]}" onto public java.lang.Object org.springframework.boot.actuate.endpoint.mvc.EndpointMvcAdapter.invoke()
2017-10-19 09:39:37,020 [main] [org.springframework.boot.actuate.endpoint.mvc.EndpointHandlerMapping] [INFO] (AbstractHandlerMethodMapping.java:543)- Mapped "{[/auditevents || /auditevents.json],methods=[GET],produces=[application/vnd.spring-boot.actuator.v1+json || application/json]}" onto public org.springframework.http.ResponseEntity<?> org.springframework.boot.actuate.endpoint.mvc.AuditEventsMvcEndpoint.findByPrincipalAndAfterAndType(java.lang.String,java.util.Date,java.lang.String)
2017-10-19 09:39:37,023 [main] [org.springframework.boot.actuate.endpoint.mvc.EndpointHandlerMapping] [INFO] (AbstractHandlerMethodMapping.java:543)- Mapped "{[/loggers/{name:.*}],methods=[GET],produces=[application/vnd.spring-boot.actuator.v1+json || application/json]}" onto public java.lang.Object org.springframework.boot.actuate.endpoint.mvc.LoggersMvcEndpoint.get(java.lang.String)
2017-10-19 09:39:37,023 [main] [org.springframework.boot.actuate.endpoint.mvc.EndpointHandlerMapping] [INFO] (AbstractHandlerMethodMapping.java:543)- Mapped "{[/loggers/{name:.*}],methods=[POST],consumes=[application/vnd.spring-boot.actuator.v1+json || application/json],produces=[application/vnd.spring-boot.actuator.v1+json || application/json]}" onto public java.lang.Object org.springframework.boot.actuate.endpoint.mvc.LoggersMvcEndpoint.set(java.lang.String,java.util.Map<java.lang.String, java.lang.String>)
2017-10-19 09:39:37,023 [main] [org.springframework.boot.actuate.endpoint.mvc.EndpointHandlerMapping] [INFO] (AbstractHandlerMethodMapping.java:543)- Mapped "{[/loggers || /loggers.json],methods=[GET],produces=[application/vnd.spring-boot.actuator.v1+json || application/json]}" onto public java.lang.Object org.springframework.boot.actuate.endpoint.mvc.EndpointMvcAdapter.invoke()
2017-10-19 09:39:37,024 [main] [org.springframework.boot.actuate.endpoint.mvc.EndpointHandlerMapping] [INFO] (AbstractHandlerMethodMapping.java:543)- Mapped "{[/autoconfig || /autoconfig.json],methods=[GET],produces=[application/vnd.spring-boot.actuator.v1+json || application/json]}" onto public java.lang.Object org.springframework.boot.actuate.endpoint.mvc.EndpointMvcAdapter.invoke()
2017-10-19 09:39:37,025 [main] [org.springframework.boot.actuate.endpoint.mvc.EndpointHandlerMapping] [INFO] (AbstractHandlerMethodMapping.java:543)- Mapped "{[/mappings || /mappings.json],methods=[GET],produces=[application/vnd.spring-boot.actuator.v1+json || application/json]}" onto public java.lang.Object org.springframework.boot.actuate.endpoint.mvc.EndpointMvcAdapter.invoke()
2017-10-19 09:39:37,025 [main] [org.springframework.boot.actuate.endpoint.mvc.EndpointHandlerMapping] [INFO] (AbstractHandlerMethodMapping.java:543)- Mapped "{[/beans || /beans.json],methods=[GET],produces=[application/vnd.spring-boot.actuator.v1+json || application/json]}" onto public java.lang.Object org.springframework.boot.actuate.endpoint.mvc.EndpointMvcAdapter.invoke()
2017-10-19 09:39:37,025 [main] [org.springframework.boot.actuate.endpoint.mvc.EndpointHandlerMapping] [INFO] (AbstractHandlerMethodMapping.java:543)- Mapped "{[/dump || /dump.json],methods=[GET],produces=[application/vnd.spring-boot.actuator.v1+json || application/json]}" onto public java.lang.Object org.springframework.boot.actuate.endpoint.mvc.EndpointMvcAdapter.invoke()
2017-10-19 09:39:37,026 [main] [org.springframework.boot.actuate.endpoint.mvc.EndpointHandlerMapping] [INFO] (AbstractHandlerMethodMapping.java:543)- Mapped "{[/heapdump || /heapdump.json],methods=[GET],produces=[application/octet-stream]}" onto public void org.springframework.boot.actuate.endpoint.mvc.HeapdumpMvcEndpoint.invoke(boolean,javax.servlet.http.HttpServletRequest,javax.servlet.http.HttpServletResponse) throws java.io.IOException,javax.servlet.ServletException
2017-10-19 09:39:37,027 [main] [org.springframework.boot.actuate.endpoint.mvc.EndpointHandlerMapping] [INFO] (AbstractHandlerMethodMapping.java:543)- Mapped "{[/info || /info.json],methods=[GET],produces=[application/vnd.spring-boot.actuator.v1+json || application/json]}" onto public java.lang.Object org.springframework.boot.actuate.endpoint.mvc.EndpointMvcAdapter.invoke()
2017-10-19 09:39:37,207 [main] [org.springframework.jmx.export.annotation.AnnotationMBeanExporter] [INFO] (MBeanExporter.java:431)- Registering beans for JMX exposure on startup
2017-10-19 09:39:37,213 [main] [org.springframework.boot.actuate.endpoint.jmx.EndpointMBeanExporter] [INFO] (MBeanExporter.java:431)- Registering beans for JMX exposure on startup
2017-10-19 09:39:37,216 [main] [org.springframework.context.support.DefaultLifecycleProcessor] [INFO] (DefaultLifecycleProcessor.java:343)- Starting beans in phase 0
2017-10-19 09:39:37,218 [main] [org.springframework.boot.actuate.endpoint.jmx.EndpointMBeanExporter] [INFO] (MBeanExporter.java:678)- Located managed bean 'auditEventsEndpoint': registering with JMX server as MBean [agentservice:type=Endpoint,name=auditEventsEndpoint,identity=7fc4780b]
2017-10-19 09:39:37,234 [main] [org.springframework.boot.actuate.endpoint.jmx.EndpointMBeanExporter] [INFO] (MBeanExporter.java:678)- Located managed bean 'requestMappingEndpoint': registering with JMX server as MBean [agentservice:type=Endpoint,name=requestMappingEndpoint,identity=6692b6c6]
2017-10-19 09:39:37,245 [main] [org.springframework.boot.actuate.endpoint.jmx.EndpointMBeanExporter] [INFO] (MBeanExporter.java:678)- Located managed bean 'environmentEndpoint': registering with JMX server as MBean [agentservice:type=Endpoint,name=environmentEndpoint,identity=4bd31064]
2017-10-19 09:39:37,249 [main] [org.springframework.boot.actuate.endpoint.jmx.EndpointMBeanExporter] [INFO] (MBeanExporter.java:678)- Located managed bean 'healthEndpoint': registering with JMX server as MBean [agentservice:type=Endpoint,name=healthEndpoint,identity=329dbdbf]
2017-10-19 09:39:37,253 [main] [org.springframework.boot.actuate.endpoint.jmx.EndpointMBeanExporter] [INFO] (MBeanExporter.java:678)- Located managed bean 'beansEndpoint': registering with JMX server as MBean [agentservice:type=Endpoint,name=beansEndpoint,identity=7354b8c5]
2017-10-19 09:39:37,255 [main] [org.springframework.boot.actuate.endpoint.jmx.EndpointMBeanExporter] [INFO] (MBeanExporter.java:678)- Located managed bean 'infoEndpoint': registering with JMX server as MBean [agentservice:type=Endpoint,name=infoEndpoint,identity=20d7d6fb]
2017-10-19 09:39:37,257 [main] [org.springframework.boot.actuate.endpoint.jmx.EndpointMBeanExporter] [INFO] (MBeanExporter.java:678)- Located managed bean 'loggersEndpoint': registering with JMX server as MBean [agentservice:type=Endpoint,name=loggersEndpoint,identity=479cbee5]
2017-10-19 09:39:37,263 [main] [org.springframework.boot.actuate.endpoint.jmx.EndpointMBeanExporter] [INFO] (MBeanExporter.java:678)- Located managed bean 'metricsEndpoint': registering with JMX server as MBean [agentservice:type=Endpoint,name=metricsEndpoint,identity=59e2d8e3]
2017-10-19 09:39:37,266 [main] [org.springframework.boot.actuate.endpoint.jmx.EndpointMBeanExporter] [INFO] (MBeanExporter.java:678)- Located managed bean 'traceEndpoint': registering with JMX server as MBean [agentservice:type=Endpoint,name=traceEndpoint,identity=7f8a9499]
2017-10-19 09:39:37,269 [main] [org.springframework.boot.actuate.endpoint.jmx.EndpointMBeanExporter] [INFO] (MBeanExporter.java:678)- Located managed bean 'dumpEndpoint': registering with JMX server as MBean [agentservice:type=Endpoint,name=dumpEndpoint,identity=5d43661b]
2017-10-19 09:39:37,271 [main] [org.springframework.boot.actuate.endpoint.jmx.EndpointMBeanExporter] [INFO] (MBeanExporter.java:678)- Located managed bean 'autoConfigurationReportEndpoint': registering with JMX server as MBean [agentservice:type=Endpoint,name=autoConfigurationReportEndpoint,identity=4bf48f6]
2017-10-19 09:39:37,274 [main] [org.springframework.boot.actuate.endpoint.jmx.EndpointMBeanExporter] [INFO] (MBeanExporter.java:678)- Located managed bean 'configurationPropertiesReportEndpoint': registering with JMX server as MBean [agentservice:type=Endpoint,name=configurationPropertiesReportEndpoint,identity=1c39680d]
2017-10-19 09:39:37,285 [main] [org.springframework.scheduling.annotation.ScheduledAnnotationBeanPostProcessor] [INFO] (ScheduledAnnotationBeanPostProcessor.java:260)- No TaskScheduler/ScheduledExecutorService bean found for scheduled processing
2017-10-19 09:39:37,299 [main] [org.apache.coyote.http11.Http11NioProtocol] [INFO] (DirectJDKLog.java:179)- Initializing ProtocolHandler ["http-nio-8989"]
2017-10-19 09:39:37,310 [main] [org.apache.coyote.http11.Http11NioProtocol] [INFO] (DirectJDKLog.java:179)- Starting ProtocolHandler [http-nio-8989]
2017-10-19 09:39:37,326 [main] [org.apache.tomcat.util.net.NioSelectorPool] [INFO] (DirectJDKLog.java:179)- Using a shared selector for servlet write/read
2017-10-19 09:39:37,344 [main] [org.springframework.boot.context.embedded.tomcat.TomcatEmbeddedServletContainer] [INFO] (TomcatEmbeddedServletContainer.java:198)- Tomcat started on port(s): 8989 (http)
2017-10-19 09:39:37,348 [main] [com.yfax.spider.Application] [INFO] (StartupInfoLogger.java:57)- Started Application in 18.959 seconds (JVM running for 19.504)
